<?xml version="1.0" encoding="UTF-8"?>
<!-- Generated by org.testng.reporters.JUnitReportReporter -->
<testsuite hostname="LIN49002200" failures="0" tests="1" name="testcases.HomePageTestCases" time="18.325" errors="0" timestamp="04 Aug 2021 05:48:37 GMT" skipped="0">
  <testcase classname="testcases.HomePageTestCases" name="login_Account" time="18.325"/>
</testsuite> <!-- testcases.HomePageTestCases -->
