<?xml version="1.0" encoding="UTF-8"?>
<!-- Generated by org.testng.reporters.JUnitReportReporter -->
<testsuite hostname="LIN49002200" failures="0" tests="1" name="testcases.HomePageTestCases" time="20.068" errors="0" timestamp="2021-08-04T20:04:50 IST" skipped="0">
  <testcase classname="testcases.HomePageTestCases" name="login_Account" time="20.068"/>
  <system-out/>
</testsuite> <!-- testcases.HomePageTestCases -->
